[debug] [2021-06-21T02:16:28.616Z] ----------------------------------------------------------------------
[debug] [2021-06-21T02:16:28.619Z] Command:       C:\Program Files\nodejs\node.exe C:\Users\Ezul0\AppData\Roaming\npm\node_modules\firebase-tools\lib\bin\firebase.js init
[debug] [2021-06-21T02:16:28.619Z] CLI Version:   9.12.1
[debug] [2021-06-21T02:16:28.619Z] Platform:      win32
[debug] [2021-06-21T02:16:28.619Z] Node Version:  v14.6.0
[debug] [2021-06-21T02:16:28.623Z] Time:          Sun Jun 20 2021 19:16:28 GMT-0700 (Pacific Daylight Time)
[debug] [2021-06-21T02:16:28.623Z] ----------------------------------------------------------------------
[debug] 
[debug] [2021-06-21T02:16:28.632Z] > command requires scopes: ["email","openid","https://www.googleapis.com/auth/cloudplatformprojects.readonly","https://www.googleapis.com/auth/firebase","https://www.googleapis.com/auth/cloud-platform"]
[debug] [2021-06-21T02:16:28.632Z] > authorizing via signed-in user (izzulsyhm97@gmail.com)
[info] 
     ######## #### ########  ######## ########     ###     ######  ########
     ##        ##  ##     ## ##       ##     ##  ##   ##  ##       ##
     ######    ##  ########  ######   ########  #########  ######  ######
     ##        ##  ##    ##  ##       ##     ## ##     ##       ## ##
     ##       #### ##     ## ######## ########  ##     ##  ######  ########

You're about to initialize a Firebase project in this directory:

  C:\Projects\Web Development\Social Media\mediasosial\mediasosial-client

Before we get started, keep in mind:

  * You are currently outside your home directory
  * You are initializing in an existing Firebase project directory

[info] 
=== Project Setup
[info] 
[info] First, let's associate this project directory with a Firebase project.
[info] You can create multiple project aliases by running firebase use --add, 
[info] but for now we'll just set up a default project.
[info] 
[info] i  .firebaserc already has a default project, using mediasosial-18580. 
[debug] [2021-06-21T02:16:35.376Z] > refreshing access token with scopes: []
[debug] [2021-06-21T02:16:35.377Z] >>> HTTP REQUEST POST https://www.googleapis.com/oauth2/v3/token  
 <request body omitted>
[debug] [2021-06-21T02:16:35.516Z] <<< HTTP RESPONSE 200 {"pragma":"no-cache","expires":"Mon, 01 Jan 1990 00:00:00 GMT","date":"Mon, 21 Jun 2021 02:16:35 GMT","cache-control":"no-cache, no-store, max-age=0, must-revalidate","content-type":"application/json; charset=utf-8","vary":"X-Origin, Referer, Origin,Accept-Encoding","server":"scaffolding on HTTPServer2","x-xss-protection":"0","x-frame-options":"SAMEORIGIN","x-content-type-options":"nosniff","alt-svc":"h3=\":443\"; ma=2592000,h3-29=\":443\"; ma=2592000,h3-T051=\":443\"; ma=2592000,h3-Q050=\":443\"; ma=2592000,h3-Q046=\":443\"; ma=2592000,h3-Q043=\":443\"; ma=2592000,quic=\":443\"; ma=2592000; v=\"46,43\"","accept-ranges":"none","transfer-encoding":"chunked"}
[debug] [2021-06-21T02:16:35.552Z] >>> [apiv2][query] GET https://firebase.googleapis.com/v1beta1/projects/mediasosial-18580 [none]
[debug] [2021-06-21T02:16:35.745Z] <<< [apiv2][status] GET https://firebase.googleapis.com/v1beta1/projects/mediasosial-18580 200
[debug] [2021-06-21T02:16:35.745Z] <<< [apiv2][body] GET https://firebase.googleapis.com/v1beta1/projects/mediasosial-18580 {"projectId":"mediasosial-18580","projectNumber":"17060586369","displayName":"mediasosial","name":"projects/mediasosial-18580","resources":{"hostingSite":"mediasosial-18580","realtimeDatabaseInstance":"mediasosial-18580","storageBucket":"mediasosial-18580.appspot.com","locationId":"us-central"},"state":"ACTIVE"}
[info] 
=== Hosting Setup
[info] 
[info] Your public directory is the folder (relative to your project directory) that
[info] will contain Hosting assets to be uploaded with firebase deploy. If you
[info] have a build process for your assets, use your build's output directory.
[info] 
